<?xml version="1.0" encoding="UTF-8"?>
<testng-results ignored="0" total="2" passed="2" failed="0" skipped="0">
  <reporter-output>
  </reporter-output>
  <suite started-at="2024-04-24T06:34:46 BST" name="Default suite" finished-at="2024-04-24T06:34:52 BST" duration-ms="6900">
    <groups>
    </groups>
    <test started-at="2024-04-24T06:34:46 BST" name="Default test" finished-at="2024-04-24T06:34:52 BST" duration-ms="6900">
      <class name="TestCases.FirstTest">
        <test-method is-config="true" signature="MySetup()[pri:0, instance:TestCases.FirstTest@3ebff828]" started-at="2024-04-24T06:34:46 BST" name="MySetup" finished-at="2024-04-24T06:34:46 BST" duration-ms="155" status="PASS">
          <reporter-output>
          </reporter-output>
        </test-method> <!-- MySetup -->
        <test-method signature="testadd()[pri:0, instance:TestCases.FirstTest@3ebff828]" started-at="2024-04-24T06:34:46 BST" name="testadd" finished-at="2024-04-24T06:34:52 BST" duration-ms="6044" status="PASS">
          <reporter-output>
          </reporter-output>
        </test-method> <!-- testadd -->
        <test-method signature="testlogin()[pri:0, instance:TestCases.FirstTest@3ebff828]" started-at="2024-04-24T06:34:52 BST" name="testlogin" finished-at="2024-04-24T06:34:52 BST" duration-ms="631" status="PASS">
          <reporter-output>
          </reporter-output>
        </test-method> <!-- testlogin -->
        <test-method is-config="true" signature="post()[pri:0, instance:TestCases.FirstTest@3ebff828]" started-at="2024-04-24T06:34:52 BST" name="post" finished-at="2024-04-24T06:34:52 BST" duration-ms="2" status="PASS">
          <reporter-output>
          </reporter-output>
        </test-method> <!-- post -->
      </class> <!-- TestCases.FirstTest -->
    </test> <!-- Default test -->
  </suite> <!-- Default suite -->
</testng-results>
